2024-10-05 12:21:15,062 - INFO - [31m[1mWARNING: This is a development server. Do not use it in a production deployment. Use a production WSGI server instead.[0m
 * Running on all addresses (0.0.0.0)
 * Running on http://127.0.0.1:5001
 * Running on http://192.168.107.3:5001
2024-10-05 12:21:15,062 - INFO - [33mPress CTRL+C to quit[0m
2024-10-05 12:22:32,185 - INFO - Replicated messages requested
2024-10-05 12:22:32,186 - INFO - {
    "messages": []
}
2024-10-05 12:22:32,186 - INFO - 192.168.107.1 - - [05/Oct/2024 12:22:32] "GET /messages HTTP/1.1" 200 -
2024-10-05 12:23:37,280 - INFO - Replicated messages requested
2024-10-05 12:23:37,280 - INFO - {
    "messages": []
}
2024-10-05 12:23:37,281 - INFO - 192.168.107.1 - - [05/Oct/2024 12:23:37] "GET /messages HTTP/1.1" 200 -
2024-10-05 12:23:44,452 - INFO - Replicated messages requested
2024-10-05 12:23:44,452 - INFO - {
    "messages": []
}
2024-10-05 12:23:44,452 - INFO - 192.168.107.1 - - [05/Oct/2024 12:23:44] "GET /messages HTTP/1.1" 200 -
2024-10-05 12:23:49,179 - INFO - Replicated messages requested
2024-10-05 12:23:49,179 - INFO - {
    "messages": []
}
2024-10-05 12:23:49,180 - INFO - 192.168.107.1 - - [05/Oct/2024 12:23:49] "GET /messages HTTP/1.1" 200 -
2024-10-05 12:24:00,074 - INFO - Replicated messages requested
2024-10-05 12:24:00,075 - INFO - {
    "messages": []
}
2024-10-05 12:24:00,075 - INFO - 192.168.107.1 - - [05/Oct/2024 12:24:00] "GET /messages HTTP/1.1" 200 -
2024-10-05 12:24:15,010 - INFO - Message replicated: {'id': 4, 'message': 'Check', 'timestamp': '2024-10-05T12:23:14.943189'}
2024-10-05 12:24:15,011 - INFO - 192.168.107.4 - - [05/Oct/2024 12:24:15] "POST /replicate HTTP/1.1" 200 -
2024-10-05 12:24:15,026 - INFO - Replicated messages requested
2024-10-05 12:24:15,026 - INFO - {
    "messages": [
        {
            "id": 4,
            "message": "Check",
            "timestamp": "2024-10-05T12:23:14.943189"
        }
    ]
}
2024-10-05 12:24:15,026 - INFO - 192.168.107.1 - - [05/Oct/2024 12:24:15] "GET /messages HTTP/1.1" 200 -
2024-10-05 12:24:27,299 - INFO - Replicated messages requested
2024-10-05 12:24:27,300 - INFO - {
    "messages": [
        {
            "id": 4,
            "message": "Check",
            "timestamp": "2024-10-05T12:23:14.943189"
        }
    ]
}
2024-10-05 12:24:27,300 - INFO - 192.168.107.1 - - [05/Oct/2024 12:24:27] "GET /messages HTTP/1.1" 200 -
2024-10-05 12:24:30,883 - INFO - Replicated messages requested
2024-10-05 12:24:30,883 - INFO - {
    "messages": [
        {
            "id": 4,
            "message": "Check",
            "timestamp": "2024-10-05T12:23:14.943189"
        }
    ]
}
2024-10-05 12:24:30,883 - INFO - 192.168.107.1 - - [05/Oct/2024 12:24:30] "GET /messages HTTP/1.1" 200 -
2024-10-05 12:24:34,587 - INFO - Replicated messages requested
2024-10-05 12:24:34,587 - INFO - {
    "messages": [
        {
            "id": 4,
            "message": "Check",
            "timestamp": "2024-10-05T12:23:14.943189"
        }
    ]
}
2024-10-05 12:24:34,587 - INFO - 192.168.107.1 - - [05/Oct/2024 12:24:34] "GET /messages HTTP/1.1" 200 -
2024-10-05 12:24:37,242 - INFO - Message replicated: {'id': 3, 'message': 'Hello  message', 'timestamp': '2024-10-05T12:23:07.145935'}
2024-10-05 12:24:37,242 - INFO - 192.168.107.4 - - [05/Oct/2024 12:24:37] "POST /replicate HTTP/1.1" 200 -
2024-10-05 12:24:52,822 - INFO - Message replicated: {'id': 6, 'message': 'Check', 'timestamp': '2024-10-05T12:23:22.726150'}
2024-10-05 12:24:52,823 - INFO - 192.168.107.4 - - [05/Oct/2024 12:24:52] "POST /replicate HTTP/1.1" 200 -
2024-10-05 12:24:55,552 - INFO - Message replicated: {'id': 1, 'message': 'First message', 'timestamp': '2024-10-05T12:22:55.524648'}
2024-10-05 12:24:55,553 - INFO - 192.168.107.4 - - [05/Oct/2024 12:24:55] "POST /replicate HTTP/1.1" 200 -
2024-10-05 12:24:56,164 - INFO - Message replicated: {'id': 7, 'message': 'Check', 'timestamp': '2024-10-05T12:23:26.063548'}
2024-10-05 12:24:56,164 - INFO - 192.168.107.4 - - [05/Oct/2024 12:24:56] "POST /replicate HTTP/1.1" 200 -
2024-10-05 12:25:02,102 - INFO - Message replicated: {'id': 2, 'message': 'Second message', 'timestamp': '2024-10-05T12:23:01.996846'}
2024-10-05 12:25:02,103 - INFO - 192.168.107.4 - - [05/Oct/2024 12:25:02] "POST /replicate HTTP/1.1" 200 -
2024-10-05 12:25:17,141 - INFO - Message replicated: {'id': 5, 'message': 'Check', 'timestamp': '2024-10-05T12:23:17.035666'}
2024-10-05 12:25:17,141 - INFO - 192.168.107.4 - - [05/Oct/2024 12:25:17] "POST /replicate HTTP/1.1" 200 -
2024-10-05 12:26:32,204 - INFO - Replicated messages requested
2024-10-05 12:26:32,204 - INFO - {
    "messages": [
        {
            "id": 1,
            "message": "First message",
            "timestamp": "2024-10-05T12:22:55.524648"
        },
        {
            "id": 2,
            "message": "Second message",
            "timestamp": "2024-10-05T12:23:01.996846"
        },
        {
            "id": 3,
            "message": "Hello  message",
            "timestamp": "2024-10-05T12:23:07.145935"
        },
        {
            "id": 4,
            "message": "Check",
            "timestamp": "2024-10-05T12:23:14.943189"
        },
        {
            "id": 5,
            "message": "Check",
            "timestamp": "2024-10-05T12:23:17.035666"
        },
        {
            "id": 6,
            "message": "Check",
            "timestamp": "2024-10-05T12:23:22.726150"
        },
        {
            "id": 7,
            "message": "Check",
            "timestamp": "2024-10-05T12:23:26.063548"
        }
    ]
}
2024-10-05 12:26:32,205 - INFO - 192.168.107.1 - - [05/Oct/2024 12:26:32] "GET /messages HTTP/1.1" 200 -
2024-10-05 12:26:43,397 - INFO - Replicated messages requested
2024-10-05 12:26:43,398 - INFO - {
    "messages": [
        {
            "id": 1,
            "message": "First message",
            "timestamp": "2024-10-05T12:22:55.524648"
        },
        {
            "id": 2,
            "message": "Second message",
            "timestamp": "2024-10-05T12:23:01.996846"
        },
        {
            "id": 3,
            "message": "Hello  message",
            "timestamp": "2024-10-05T12:23:07.145935"
        },
        {
            "id": 4,
            "message": "Check",
            "timestamp": "2024-10-05T12:23:14.943189"
        },
        {
            "id": 5,
            "message": "Check",
            "timestamp": "2024-10-05T12:23:17.035666"
        },
        {
            "id": 6,
            "message": "Check",
            "timestamp": "2024-10-05T12:23:22.726150"
        },
        {
            "id": 7,
            "message": "Check",
            "timestamp": "2024-10-05T12:23:26.063548"
        }
    ]
}
2024-10-05 12:26:43,398 - INFO - 192.168.107.1 - - [05/Oct/2024 12:26:43] "GET /messages HTTP/1.1" 200 -
2024-10-05 12:28:01,548 - INFO - Message replicated: {'id': 8, 'message': 'Check final 1', 'timestamp': '2024-10-05T12:27:01.479280'}
2024-10-05 12:28:01,548 - INFO - 192.168.107.4 - - [05/Oct/2024 12:28:01] "POST /replicate HTTP/1.1" 200 -
2024-10-05 12:41:26,762 - INFO - Replicated messages requested
2024-10-05 12:41:26,763 - INFO - {
    "messages": [
        {
            "id": 1,
            "message": "First message",
            "timestamp": "2024-10-05T12:22:55.524648"
        },
        {
            "id": 2,
            "message": "Second message",
            "timestamp": "2024-10-05T12:23:01.996846"
        },
        {
            "id": 3,
            "message": "Hello  message",
            "timestamp": "2024-10-05T12:23:07.145935"
        },
        {
            "id": 4,
            "message": "Check",
            "timestamp": "2024-10-05T12:23:14.943189"
        },
        {
            "id": 5,
            "message": "Check",
            "timestamp": "2024-10-05T12:23:17.035666"
        },
        {
            "id": 6,
            "message": "Check",
            "timestamp": "2024-10-05T12:23:22.726150"
        },
        {
            "id": 7,
            "message": "Check",
            "timestamp": "2024-10-05T12:23:26.063548"
        },
        {
            "id": 8,
            "message": "Check final 1",
            "timestamp": "2024-10-05T12:27:01.479280"
        }
    ]
}
2024-10-05 12:41:26,763 - INFO - 192.168.107.1 - - [05/Oct/2024 12:41:26] "GET /messages HTTP/1.1" 200 -
2024-10-05 12:41:40,679 - INFO - Replicated messages requested
2024-10-05 12:41:40,679 - INFO - {
    "messages": [
        {
            "id": 1,
            "message": "First message",
            "timestamp": "2024-10-05T12:22:55.524648"
        },
        {
            "id": 2,
            "message": "Second message",
            "timestamp": "2024-10-05T12:23:01.996846"
        },
        {
            "id": 3,
            "message": "Hello  message",
            "timestamp": "2024-10-05T12:23:07.145935"
        },
        {
            "id": 4,
            "message": "Check",
            "timestamp": "2024-10-05T12:23:14.943189"
        },
        {
            "id": 5,
            "message": "Check",
            "timestamp": "2024-10-05T12:23:17.035666"
        },
        {
            "id": 6,
            "message": "Check",
            "timestamp": "2024-10-05T12:23:22.726150"
        },
        {
            "id": 7,
            "message": "Check",
            "timestamp": "2024-10-05T12:23:26.063548"
        },
        {
            "id": 8,
            "message": "Check final 1",
            "timestamp": "2024-10-05T12:27:01.479280"
        }
    ]
}
2024-10-05 12:41:40,680 - INFO - 192.168.107.1 - - [05/Oct/2024 12:41:40] "GET /messages HTTP/1.1" 200 -
2024-10-05 12:41:45,779 - INFO - Message replicated: {'id': 9, 'message': 'Check final 2', 'timestamp': '2024-10-05T12:41:15.743778'}
2024-10-05 12:41:45,780 - INFO - 192.168.107.4 - - [05/Oct/2024 12:41:45] "POST /replicate HTTP/1.1" 200 -
2024-10-05 12:43:19,776 - INFO - Replicated messages requested
2024-10-05 12:43:19,777 - INFO - {
    "messages": [
        {
            "id": 1,
            "message": "First message",
            "timestamp": "2024-10-05T12:22:55.524648"
        },
        {
            "id": 2,
            "message": "Second message",
            "timestamp": "2024-10-05T12:23:01.996846"
        },
        {
            "id": 3,
            "message": "Hello  message",
            "timestamp": "2024-10-05T12:23:07.145935"
        },
        {
            "id": 4,
            "message": "Check",
            "timestamp": "2024-10-05T12:23:14.943189"
        },
        {
            "id": 5,
            "message": "Check",
            "timestamp": "2024-10-05T12:23:17.035666"
        },
        {
            "id": 6,
            "message": "Check",
            "timestamp": "2024-10-05T12:23:22.726150"
        },
        {
            "id": 7,
            "message": "Check",
            "timestamp": "2024-10-05T12:23:26.063548"
        },
        {
            "id": 8,
            "message": "Check final 1",
            "timestamp": "2024-10-05T12:27:01.479280"
        },
        {
            "id": 9,
            "message": "Check final 2",
            "timestamp": "2024-10-05T12:41:15.743778"
        }
    ]
}
2024-10-05 12:43:19,777 - INFO - 192.168.107.1 - - [05/Oct/2024 12:43:19] "GET /messages HTTP/1.1" 200 -
