2024-10-06 19:50:31,128 - INFO - [31m[1mWARNING: This is a development server. Do not use it in a production deployment. Use a production WSGI server instead.[0m
 * Running on all addresses (0.0.0.0)
 * Running on http://127.0.0.1:5000
 * Running on http://192.168.227.4:5000
2024-10-06 19:50:31,128 - INFO - [33mPress CTRL+C to quit[0m
2024-10-06 19:50:31,130 - INFO - {
    "event": "Heartbeat check successful for http://secondary1:5001",
    "timestamp": "2024-10-06T19:50:31.130011",
    "details": {
        "status": "Healthy"
    }
}
2024-10-06 19:50:31,131 - INFO - {
    "event": "Heartbeat check failed for http://secondary2:5002",
    "timestamp": "2024-10-06T19:50:31.131903",
    "details": {
        "status": "Unhealthy",
        "error": "RequestException"
    }
}
2024-10-06 19:50:31,132 - WARNING - {
    "event": "Quorum not met. Master switching to read-only mode.",
    "timestamp": "2024-10-06T19:50:31.132026",
    "details": {
        "quorum_size": 2,
        "healthy_count": 1
    }
}
2024-10-06 19:50:41,148 - INFO - {
    "event": "Heartbeat check successful for http://secondary1:5001",
    "timestamp": "2024-10-06T19:50:41.148110",
    "details": {
        "status": "Healthy"
    }
}
2024-10-06 19:50:41,149 - INFO - {
    "event": "Heartbeat check failed for http://secondary2:5002",
    "timestamp": "2024-10-06T19:50:41.149821",
    "details": {
        "status": "Unhealthy",
        "error": "RequestException"
    }
}
2024-10-06 19:50:41,150 - WARNING - {
    "event": "Quorum not met. Master switching to read-only mode.",
    "timestamp": "2024-10-06T19:50:41.149956",
    "details": {
        "quorum_size": 2,
        "healthy_count": 1
    }
}
2024-10-06 19:50:51,168 - INFO - {
    "event": "Heartbeat check successful for http://secondary1:5001",
    "timestamp": "2024-10-06T19:50:51.168492",
    "details": {
        "status": "Healthy"
    }
}
2024-10-06 19:50:51,170 - INFO - {
    "event": "Heartbeat check failed for http://secondary2:5002",
    "timestamp": "2024-10-06T19:50:51.170414",
    "details": {
        "status": "Unhealthy",
        "error": "RequestException"
    }
}
2024-10-06 19:50:51,170 - WARNING - {
    "event": "Quorum not met. Master switching to read-only mode.",
    "timestamp": "2024-10-06T19:50:51.170541",
    "details": {
        "quorum_size": 2,
        "healthy_count": 1
    }
}
2024-10-06 19:50:54,432 - INFO - {
    "event": "Replicated messages requested",
    "timestamp": "2024-10-06T19:50:54.432326",
    "details": {}
}
2024-10-06 19:50:54,432 - INFO - {
    "event": "Messages retrieved",
    "timestamp": "2024-10-06T19:50:54.432653",
    "details": {
        "messages": []
    }
}
2024-10-06 19:50:54,433 - INFO - 192.168.227.1 - - [06/Oct/2024 19:50:54] "GET /messages HTTP/1.1" 200 -
2024-10-06 19:51:01,192 - INFO - {
    "event": "Heartbeat check successful for http://secondary1:5001",
    "timestamp": "2024-10-06T19:51:01.192201",
    "details": {
        "status": "Healthy"
    }
}
2024-10-06 19:51:01,194 - INFO - {
    "event": "Heartbeat check failed for http://secondary2:5002",
    "timestamp": "2024-10-06T19:51:01.194034",
    "details": {
        "status": "Unhealthy",
        "error": "RequestException"
    }
}
2024-10-06 19:51:01,194 - WARNING - {
    "event": "Quorum not met. Master switching to read-only mode.",
    "timestamp": "2024-10-06T19:51:01.194162",
    "details": {
        "quorum_size": 2,
        "healthy_count": 1
    }
}
2024-10-06 19:51:11,211 - INFO - {
    "event": "Heartbeat check successful for http://secondary1:5001",
    "timestamp": "2024-10-06T19:51:11.211833",
    "details": {
        "status": "Healthy"
    }
}
2024-10-06 19:51:11,215 - INFO - {
    "event": "Heartbeat check failed for http://secondary2:5002",
    "timestamp": "2024-10-06T19:51:11.215007",
    "details": {
        "status": "Unhealthy",
        "error": "RequestException"
    }
}
2024-10-06 19:51:11,215 - WARNING - {
    "event": "Quorum not met. Master switching to read-only mode.",
    "timestamp": "2024-10-06T19:51:11.215701",
    "details": {
        "quorum_size": 2,
        "healthy_count": 1
    }
}
2024-10-06 19:51:21,238 - INFO - {
    "event": "Heartbeat check successful for http://secondary1:5001",
    "timestamp": "2024-10-06T19:51:21.238593",
    "details": {
        "status": "Healthy"
    }
}
2024-10-06 19:51:21,240 - INFO - {
    "event": "Heartbeat check failed for http://secondary2:5002",
    "timestamp": "2024-10-06T19:51:21.240669",
    "details": {
        "status": "Unhealthy",
        "error": "RequestException"
    }
}
2024-10-06 19:51:21,240 - WARNING - {
    "event": "Quorum not met. Master switching to read-only mode.",
    "timestamp": "2024-10-06T19:51:21.240793",
    "details": {
        "quorum_size": 2,
        "healthy_count": 1
    }
}
2024-10-06 19:51:23,259 - WARNING - {
    "event": "Master in read-only mode. Rejecting append request.",
    "timestamp": "2024-10-06T19:51:23.259728",
    "details": {}
}
2024-10-06 19:51:23,260 - INFO - 192.168.227.1 - - [06/Oct/2024 19:51:23] "[35m[1mPOST /replicate HTTP/1.1[0m" 503 -
2024-10-06 19:51:31,257 - INFO - {
    "event": "Heartbeat check successful for http://secondary1:5001",
    "timestamp": "2024-10-06T19:51:31.257156",
    "details": {
        "status": "Healthy"
    }
}
2024-10-06 19:51:31,258 - INFO - {
    "event": "Heartbeat check failed for http://secondary2:5002",
    "timestamp": "2024-10-06T19:51:31.258864",
    "details": {
        "status": "Unhealthy",
        "error": "RequestException"
    }
}
2024-10-06 19:51:31,259 - WARNING - {
    "event": "Quorum not met. Master switching to read-only mode.",
    "timestamp": "2024-10-06T19:51:31.258992",
    "details": {
        "quorum_size": 2,
        "healthy_count": 1
    }
}
2024-10-06 19:51:34,529 - INFO - {
    "event": "Health status requested",
    "timestamp": "2024-10-06T19:51:34.529647",
    "details": {}
}
2024-10-06 19:51:34,530 - INFO - 192.168.227.1 - - [06/Oct/2024 19:51:34] "GET /health HTTP/1.1" 200 -
2024-10-06 19:51:36,690 - INFO - {
    "event": "Health status requested",
    "timestamp": "2024-10-06T19:51:36.690826",
    "details": {}
}
2024-10-06 19:51:36,691 - INFO - 192.168.227.1 - - [06/Oct/2024 19:51:36] "GET /health HTTP/1.1" 200 -
2024-10-06 19:51:41,280 - INFO - {
    "event": "Heartbeat check successful for http://secondary1:5001",
    "timestamp": "2024-10-06T19:51:41.280505",
    "details": {
        "status": "Healthy"
    }
}
2024-10-06 19:51:41,282 - INFO - {
    "event": "Heartbeat check failed for http://secondary2:5002",
    "timestamp": "2024-10-06T19:51:41.282382",
    "details": {
        "status": "Unhealthy",
        "error": "RequestException"
    }
}
2024-10-06 19:51:41,282 - WARNING - {
    "event": "Quorum not met. Master switching to read-only mode.",
    "timestamp": "2024-10-06T19:51:41.282553",
    "details": {
        "quorum_size": 2,
        "healthy_count": 1
    }
}
2024-10-06 19:51:51,299 - INFO - {
    "event": "Heartbeat check successful for http://secondary1:5001",
    "timestamp": "2024-10-06T19:51:51.299910",
    "details": {
        "status": "Healthy"
    }
}
2024-10-06 19:51:51,301 - INFO - {
    "event": "Heartbeat check failed for http://secondary2:5002",
    "timestamp": "2024-10-06T19:51:51.301760",
    "details": {
        "status": "Unhealthy",
        "error": "RequestException"
    }
}
2024-10-06 19:51:51,301 - WARNING - {
    "event": "Quorum not met. Master switching to read-only mode.",
    "timestamp": "2024-10-06T19:51:51.301891",
    "details": {
        "quorum_size": 2,
        "healthy_count": 1
    }
}
2024-10-06 19:51:52,513 - WARNING - {
    "event": "Master in read-only mode. Rejecting append request.",
    "timestamp": "2024-10-06T19:51:52.513299",
    "details": {}
}
2024-10-06 19:51:52,513 - INFO - 192.168.227.1 - - [06/Oct/2024 19:51:52] "[35m[1mPOST /replicate HTTP/1.1[0m" 503 -
2024-10-06 19:51:57,429 - INFO - {
    "event": "Replicated messages requested",
    "timestamp": "2024-10-06T19:51:57.429292",
    "details": {}
}
2024-10-06 19:51:57,429 - INFO - {
    "event": "Messages retrieved",
    "timestamp": "2024-10-06T19:51:57.429518",
    "details": {
        "messages": []
    }
}
2024-10-06 19:51:57,429 - INFO - 192.168.227.1 - - [06/Oct/2024 19:51:57] "GET /messages HTTP/1.1" 200 -
2024-10-06 19:52:01,319 - INFO - {
    "event": "Heartbeat check successful for http://secondary1:5001",
    "timestamp": "2024-10-06T19:52:01.319887",
    "details": {
        "status": "Healthy"
    }
}
2024-10-06 19:52:01,321 - INFO - {
    "event": "Heartbeat check failed for http://secondary2:5002",
    "timestamp": "2024-10-06T19:52:01.321391",
    "details": {
        "status": "Unhealthy",
        "error": "RequestException"
    }
}
2024-10-06 19:52:01,321 - WARNING - {
    "event": "Quorum not met. Master switching to read-only mode.",
    "timestamp": "2024-10-06T19:52:01.321508",
    "details": {
        "quorum_size": 2,
        "healthy_count": 1
    }
}
2024-10-06 19:52:03,331 - INFO - {
    "event": "Health status requested",
    "timestamp": "2024-10-06T19:52:03.331631",
    "details": {}
}
2024-10-06 19:52:03,332 - INFO - 192.168.227.1 - - [06/Oct/2024 19:52:03] "GET /health HTTP/1.1" 200 -
2024-10-06 19:52:11,344 - INFO - {
    "event": "Heartbeat check successful for http://secondary1:5001",
    "timestamp": "2024-10-06T19:52:11.344860",
    "details": {
        "status": "Healthy"
    }
}
2024-10-06 19:52:11,346 - INFO - {
    "event": "Heartbeat check failed for http://secondary2:5002",
    "timestamp": "2024-10-06T19:52:11.346468",
    "details": {
        "status": "Unhealthy",
        "error": "RequestException"
    }
}
2024-10-06 19:52:11,346 - WARNING - {
    "event": "Quorum not met. Master switching to read-only mode.",
    "timestamp": "2024-10-06T19:52:11.346597",
    "details": {
        "quorum_size": 2,
        "healthy_count": 1
    }
}
2024-10-06 19:52:20,575 - INFO - {
    "event": "Health status requested",
    "timestamp": "2024-10-06T19:52:20.575299",
    "details": {}
}
2024-10-06 19:52:20,575 - INFO - 192.168.227.1 - - [06/Oct/2024 19:52:20] "GET /health HTTP/1.1" 200 -
2024-10-06 19:52:21,363 - INFO - {
    "event": "Heartbeat check successful for http://secondary1:5001",
    "timestamp": "2024-10-06T19:52:21.363765",
    "details": {
        "status": "Healthy"
    }
}
2024-10-06 19:52:21,365 - INFO - {
    "event": "Heartbeat check failed for http://secondary2:5002",
    "timestamp": "2024-10-06T19:52:21.365675",
    "details": {
        "status": "Unhealthy",
        "error": "RequestException"
    }
}
2024-10-06 19:52:21,365 - WARNING - {
    "event": "Quorum not met. Master switching to read-only mode.",
    "timestamp": "2024-10-06T19:52:21.365805",
    "details": {
        "quorum_size": 2,
        "healthy_count": 1
    }
}
2024-10-06 19:52:31,382 - INFO - {
    "event": "Heartbeat check successful for http://secondary1:5001",
    "timestamp": "2024-10-06T19:52:31.382909",
    "details": {
        "status": "Healthy"
    }
}
2024-10-06 19:52:31,387 - INFO - {
    "event": "Heartbeat check successful for http://secondary2:5002",
    "timestamp": "2024-10-06T19:52:31.387465",
    "details": {
        "status": "Healthy"
    }
}
2024-10-06 19:52:31,387 - INFO - {
    "event": "Quorum met. Master in write mode.",
    "timestamp": "2024-10-06T19:52:31.387602",
    "details": {
        "quorum_size": 2,
        "healthy_count": 2
    }
}
2024-10-06 19:52:41,407 - INFO - {
    "event": "Heartbeat check successful for http://secondary1:5001",
    "timestamp": "2024-10-06T19:52:41.407647",
    "details": {
        "status": "Healthy"
    }
}
2024-10-06 19:52:41,411 - INFO - {
    "event": "Heartbeat check successful for http://secondary2:5002",
    "timestamp": "2024-10-06T19:52:41.411572",
    "details": {
        "status": "Healthy"
    }
}
2024-10-06 19:52:41,411 - INFO - {
    "event": "Quorum met. Master in write mode.",
    "timestamp": "2024-10-06T19:52:41.411711",
    "details": {
        "quorum_size": 2,
        "healthy_count": 2
    }
}
2024-10-06 19:52:51,428 - INFO - {
    "event": "Heartbeat check successful for http://secondary1:5001",
    "timestamp": "2024-10-06T19:52:51.428857",
    "details": {
        "status": "Healthy"
    }
}
2024-10-06 19:52:51,432 - INFO - {
    "event": "Heartbeat check successful for http://secondary2:5002",
    "timestamp": "2024-10-06T19:52:51.432682",
    "details": {
        "status": "Healthy"
    }
}
2024-10-06 19:52:51,432 - INFO - {
    "event": "Quorum met. Master in write mode.",
    "timestamp": "2024-10-06T19:52:51.432815",
    "details": {
        "quorum_size": 2,
        "healthy_count": 2
    }
}
2024-10-06 19:53:01,453 - INFO - {
    "event": "Heartbeat check successful for http://secondary1:5001",
    "timestamp": "2024-10-06T19:53:01.453859",
    "details": {
        "status": "Healthy"
    }
}
2024-10-06 19:53:01,458 - INFO - {
    "event": "Heartbeat check successful for http://secondary2:5002",
    "timestamp": "2024-10-06T19:53:01.458062",
    "details": {
        "status": "Healthy"
    }
}
2024-10-06 19:53:01,458 - INFO - {
    "event": "Quorum met. Master in write mode.",
    "timestamp": "2024-10-06T19:53:01.458204",
    "details": {
        "quorum_size": 2,
        "healthy_count": 2
    }
}
2024-10-06 19:53:11,474 - INFO - {
    "event": "Heartbeat check successful for http://secondary1:5001",
    "timestamp": "2024-10-06T19:53:11.474883",
    "details": {
        "status": "Healthy"
    }
}
2024-10-06 19:53:11,478 - INFO - {
    "event": "Heartbeat check successful for http://secondary2:5002",
    "timestamp": "2024-10-06T19:53:11.478811",
    "details": {
        "status": "Healthy"
    }
}
2024-10-06 19:53:11,478 - INFO - {
    "event": "Quorum met. Master in write mode.",
    "timestamp": "2024-10-06T19:53:11.478941",
    "details": {
        "quorum_size": 2,
        "healthy_count": 2
    }
}
2024-10-06 19:53:21,500 - INFO - {
    "event": "Heartbeat check successful for http://secondary1:5001",
    "timestamp": "2024-10-06T19:53:21.500199",
    "details": {
        "status": "Healthy"
    }
}
2024-10-06 19:53:21,504 - INFO - {
    "event": "Heartbeat check successful for http://secondary2:5002",
    "timestamp": "2024-10-06T19:53:21.504273",
    "details": {
        "status": "Healthy"
    }
}
2024-10-06 19:53:21,504 - INFO - {
    "event": "Quorum met. Master in write mode.",
    "timestamp": "2024-10-06T19:53:21.504510",
    "details": {
        "quorum_size": 2,
        "healthy_count": 2
    }
}
2024-10-06 19:53:31,525 - INFO - {
    "event": "Heartbeat check successful for http://secondary1:5001",
    "timestamp": "2024-10-06T19:53:31.525465",
    "details": {
        "status": "Healthy"
    }
}
2024-10-06 19:53:31,529 - INFO - {
    "event": "Heartbeat check successful for http://secondary2:5002",
    "timestamp": "2024-10-06T19:53:31.529349",
    "details": {
        "status": "Healthy"
    }
}
2024-10-06 19:53:31,529 - INFO - {
    "event": "Quorum met. Master in write mode.",
    "timestamp": "2024-10-06T19:53:31.529482",
    "details": {
        "quorum_size": 2,
        "healthy_count": 2
    }
}
2024-10-06 19:53:39,130 - INFO - {
    "event": "Health status requested",
    "timestamp": "2024-10-06T19:53:39.130649",
    "details": {}
}
2024-10-06 19:53:39,131 - INFO - 192.168.227.1 - - [06/Oct/2024 19:53:39] "GET /health HTTP/1.1" 200 -
2024-10-06 19:53:41,557 - INFO - {
    "event": "Heartbeat check successful for http://secondary1:5001",
    "timestamp": "2024-10-06T19:53:41.556945",
    "details": {
        "status": "Healthy"
    }
}
2024-10-06 19:53:41,566 - INFO - {
    "event": "Heartbeat check successful for http://secondary2:5002",
    "timestamp": "2024-10-06T19:53:41.566718",
    "details": {
        "status": "Healthy"
    }
}
2024-10-06 19:53:41,566 - INFO - {
    "event": "Quorum met. Master in write mode.",
    "timestamp": "2024-10-06T19:53:41.566927",
    "details": {
        "quorum_size": 2,
        "healthy_count": 2
    }
}
2024-10-06 19:53:51,584 - INFO - {
    "event": "Heartbeat check successful for http://secondary1:5001",
    "timestamp": "2024-10-06T19:53:51.584914",
    "details": {
        "status": "Healthy"
    }
}
2024-10-06 19:53:51,589 - INFO - {
    "event": "Heartbeat check successful for http://secondary2:5002",
    "timestamp": "2024-10-06T19:53:51.588955",
    "details": {
        "status": "Healthy"
    }
}
2024-10-06 19:53:51,589 - INFO - {
    "event": "Quorum met. Master in write mode.",
    "timestamp": "2024-10-06T19:53:51.589100",
    "details": {
        "quorum_size": 2,
        "healthy_count": 2
    }
}
2024-10-06 19:53:57,782 - INFO - {
    "event": "Master received message",
    "timestamp": "2024-10-06T19:53:57.782092",
    "details": {
        "message": "Test message after secondary_2 starts",
        "message_id": 1
    }
}
2024-10-06 19:53:57,811 - INFO - {
    "event": "Replication successful for http://secondary2:5002",
    "timestamp": "2024-10-06T19:53:57.811463",
    "details": {
        "status": "Success",
        "message_id": 1
    }
}
2024-10-06 19:53:57,811 - INFO - {
    "event": "ack_count.value: 2, required w: 2",
    "timestamp": "2024-10-06T19:53:57.811702",
    "details": {}
}
2024-10-06 19:53:57,812 - INFO - 192.168.227.1 - - [06/Oct/2024 19:53:57] "POST /replicate HTTP/1.1" 200 -
2024-10-06 19:54:01,607 - INFO - {
    "event": "Heartbeat check successful for http://secondary1:5001",
    "timestamp": "2024-10-06T19:54:01.607096",
    "details": {
        "status": "Healthy"
    }
}
2024-10-06 19:54:01,611 - INFO - {
    "event": "Heartbeat check successful for http://secondary2:5002",
    "timestamp": "2024-10-06T19:54:01.610963",
    "details": {
        "status": "Healthy"
    }
}
2024-10-06 19:54:01,611 - INFO - {
    "event": "Quorum met. Master in write mode.",
    "timestamp": "2024-10-06T19:54:01.611098",
    "details": {
        "quorum_size": 2,
        "healthy_count": 2
    }
}
2024-10-06 19:54:02,819 - ERROR - {
    "event": "Replication failed for http://secondary1:5001",
    "timestamp": "2024-10-06T19:54:02.819773",
    "details": {
        "error": "HTTPConnectionPool(host='secondary1', port=5001): Read timed out. (read timeout=5)",
        "attempt": 1
    }
}
2024-10-06 19:54:06,933 - INFO - {
    "event": "Replicated messages requested",
    "timestamp": "2024-10-06T19:54:06.932960",
    "details": {}
}
2024-10-06 19:54:06,933 - INFO - {
    "event": "Messages retrieved",
    "timestamp": "2024-10-06T19:54:06.933155",
    "details": {
        "messages": [
            {
                "message": "Test message after secondary_2 starts",
                "timestamp": "2024-10-06T19:53:57.782080",
                "id": 1
            }
        ]
    }
}
2024-10-06 19:54:06,933 - INFO - 192.168.227.1 - - [06/Oct/2024 19:54:06] "GET /messages HTTP/1.1" 200 -
2024-10-06 19:54:08,837 - ERROR - {
    "event": "Replication failed for http://secondary1:5001",
    "timestamp": "2024-10-06T19:54:08.837008",
    "details": {
        "error": "HTTPConnectionPool(host='secondary1', port=5001): Read timed out. (read timeout=5)",
        "attempt": 2
    }
}
2024-10-06 19:54:11,633 - INFO - {
    "event": "Heartbeat check successful for http://secondary1:5001",
    "timestamp": "2024-10-06T19:54:11.633487",
    "details": {
        "status": "Healthy"
    }
}
2024-10-06 19:54:11,637 - INFO - {
    "event": "Heartbeat check successful for http://secondary2:5002",
    "timestamp": "2024-10-06T19:54:11.637676",
    "details": {
        "status": "Healthy"
    }
}
2024-10-06 19:54:11,637 - INFO - {
    "event": "Quorum met. Master in write mode.",
    "timestamp": "2024-10-06T19:54:11.637814",
    "details": {
        "quorum_size": 2,
        "healthy_count": 2
    }
}
2024-10-06 19:54:12,829 - INFO - {
    "event": "Replication successful for http://secondary1:5001",
    "timestamp": "2024-10-06T19:54:12.829520",
    "details": {
        "status": "Success",
        "message_id": 1
    }
}
2024-10-06 19:54:21,659 - INFO - {
    "event": "Heartbeat check successful for http://secondary1:5001",
    "timestamp": "2024-10-06T19:54:21.659648",
    "details": {
        "status": "Healthy"
    }
}
2024-10-06 19:54:21,663 - INFO - {
    "event": "Heartbeat check successful for http://secondary2:5002",
    "timestamp": "2024-10-06T19:54:21.663708",
    "details": {
        "status": "Healthy"
    }
}
2024-10-06 19:54:21,663 - INFO - {
    "event": "Quorum met. Master in write mode.",
    "timestamp": "2024-10-06T19:54:21.663850",
    "details": {
        "quorum_size": 2,
        "healthy_count": 2
    }
}
2024-10-06 19:54:31,685 - INFO - {
    "event": "Heartbeat check successful for http://secondary1:5001",
    "timestamp": "2024-10-06T19:54:31.685605",
    "details": {
        "status": "Healthy"
    }
}
2024-10-06 19:54:31,689 - INFO - {
    "event": "Heartbeat check successful for http://secondary2:5002",
    "timestamp": "2024-10-06T19:54:31.689627",
    "details": {
        "status": "Healthy"
    }
}
2024-10-06 19:54:31,689 - INFO - {
    "event": "Quorum met. Master in write mode.",
    "timestamp": "2024-10-06T19:54:31.689768",
    "details": {
        "quorum_size": 2,
        "healthy_count": 2
    }
}
2024-10-06 19:54:41,707 - INFO - {
    "event": "Heartbeat check successful for http://secondary1:5001",
    "timestamp": "2024-10-06T19:54:41.707674",
    "details": {
        "status": "Healthy"
    }
}
2024-10-06 19:54:41,711 - INFO - {
    "event": "Heartbeat check successful for http://secondary2:5002",
    "timestamp": "2024-10-06T19:54:41.711553",
    "details": {
        "status": "Healthy"
    }
}
2024-10-06 19:54:41,711 - INFO - {
    "event": "Quorum met. Master in write mode.",
    "timestamp": "2024-10-06T19:54:41.711686",
    "details": {
        "quorum_size": 2,
        "healthy_count": 2
    }
}
2024-10-06 19:54:51,734 - INFO - {
    "event": "Heartbeat check successful for http://secondary1:5001",
    "timestamp": "2024-10-06T19:54:51.733964",
    "details": {
        "status": "Healthy"
    }
}
2024-10-06 19:54:51,737 - INFO - {
    "event": "Heartbeat check successful for http://secondary2:5002",
    "timestamp": "2024-10-06T19:54:51.737751",
    "details": {
        "status": "Healthy"
    }
}
2024-10-06 19:54:51,737 - INFO - {
    "event": "Quorum met. Master in write mode.",
    "timestamp": "2024-10-06T19:54:51.737887",
    "details": {
        "quorum_size": 2,
        "healthy_count": 2
    }
}
2024-10-06 19:55:01,755 - INFO - {
    "event": "Heartbeat check successful for http://secondary1:5001",
    "timestamp": "2024-10-06T19:55:01.755070",
    "details": {
        "status": "Healthy"
    }
}
2024-10-06 19:55:01,758 - INFO - {
    "event": "Heartbeat check successful for http://secondary2:5002",
    "timestamp": "2024-10-06T19:55:01.758758",
    "details": {
        "status": "Healthy"
    }
}
2024-10-06 19:55:01,758 - INFO - {
    "event": "Quorum met. Master in write mode.",
    "timestamp": "2024-10-06T19:55:01.758898",
    "details": {
        "quorum_size": 2,
        "healthy_count": 2
    }
}
