2024-10-06 19:52:30,867 - INFO - [31m[1mWARNING: This is a development server. Do not use it in a production deployment. Use a production WSGI server instead.[0m
 * Running on all addresses (0.0.0.0)
 * Running on http://127.0.0.1:5002
 * Running on http://192.168.227.2:5002
2024-10-06 19:52:30,867 - INFO - [33mPress CTRL+C to quit[0m
2024-10-06 19:52:31,385 - INFO - {
    "event": "Heartbeat received from master",
    "timestamp": "2024-10-06T19:52:31.385825",
    "details": {
        "status": "Healthy"
    }
}
2024-10-06 19:52:31,386 - INFO - 192.168.227.4 - - [06/Oct/2024 19:52:31] "GET /heartbeat HTTP/1.1" 200 -
2024-10-06 19:52:41,410 - INFO - {
    "event": "Heartbeat received from master",
    "timestamp": "2024-10-06T19:52:41.410192",
    "details": {
        "status": "Healthy"
    }
}
2024-10-06 19:52:41,410 - INFO - 192.168.227.4 - - [06/Oct/2024 19:52:41] "GET /heartbeat HTTP/1.1" 200 -
2024-10-06 19:52:51,431 - INFO - {
    "event": "Heartbeat received from master",
    "timestamp": "2024-10-06T19:52:51.431143",
    "details": {
        "status": "Healthy"
    }
}
2024-10-06 19:52:51,431 - INFO - 192.168.227.4 - - [06/Oct/2024 19:52:51] "GET /heartbeat HTTP/1.1" 200 -
2024-10-06 19:53:01,456 - INFO - {
    "event": "Heartbeat received from master",
    "timestamp": "2024-10-06T19:53:01.456546",
    "details": {
        "status": "Healthy"
    }
}
2024-10-06 19:53:01,456 - INFO - 192.168.227.4 - - [06/Oct/2024 19:53:01] "GET /heartbeat HTTP/1.1" 200 -
2024-10-06 19:53:11,477 - INFO - {
    "event": "Heartbeat received from master",
    "timestamp": "2024-10-06T19:53:11.477218",
    "details": {
        "status": "Healthy"
    }
}
2024-10-06 19:53:11,477 - INFO - 192.168.227.4 - - [06/Oct/2024 19:53:11] "GET /heartbeat HTTP/1.1" 200 -
2024-10-06 19:53:21,502 - INFO - {
    "event": "Heartbeat received from master",
    "timestamp": "2024-10-06T19:53:21.502917",
    "details": {
        "status": "Healthy"
    }
}
2024-10-06 19:53:21,503 - INFO - 192.168.227.4 - - [06/Oct/2024 19:53:21] "GET /heartbeat HTTP/1.1" 200 -
2024-10-06 19:53:31,528 - INFO - {
    "event": "Heartbeat received from master",
    "timestamp": "2024-10-06T19:53:31.527984",
    "details": {
        "status": "Healthy"
    }
}
2024-10-06 19:53:31,528 - INFO - 192.168.227.4 - - [06/Oct/2024 19:53:31] "GET /heartbeat HTTP/1.1" 200 -
2024-10-06 19:53:41,563 - INFO - {
    "event": "Heartbeat received from master",
    "timestamp": "2024-10-06T19:53:41.563009",
    "details": {
        "status": "Healthy"
    }
}
2024-10-06 19:53:41,564 - INFO - 192.168.227.4 - - [06/Oct/2024 19:53:41] "GET /heartbeat HTTP/1.1" 200 -
2024-10-06 19:53:51,587 - INFO - {
    "event": "Heartbeat received from master",
    "timestamp": "2024-10-06T19:53:51.587682",
    "details": {
        "status": "Healthy"
    }
}
2024-10-06 19:53:51,588 - INFO - 192.168.227.4 - - [06/Oct/2024 19:53:51] "GET /heartbeat HTTP/1.1" 200 -
2024-10-06 19:53:57,810 - INFO - Message replicated: {'id': 1, 'message': 'Test message after secondary_2 starts', 'timestamp': '2024-10-06T19:53:57.782080'}
2024-10-06 19:53:57,810 - INFO - 192.168.227.4 - - [06/Oct/2024 19:53:57] "POST /replicate HTTP/1.1" 200 -
2024-10-06 19:54:01,609 - INFO - {
    "event": "Heartbeat received from master",
    "timestamp": "2024-10-06T19:54:01.609719",
    "details": {
        "status": "Healthy"
    }
}
2024-10-06 19:54:01,610 - INFO - 192.168.227.4 - - [06/Oct/2024 19:54:01] "GET /heartbeat HTTP/1.1" 200 -
2024-10-06 19:54:11,636 - INFO - {
    "event": "Heartbeat received from master",
    "timestamp": "2024-10-06T19:54:11.635951",
    "details": {
        "status": "Healthy"
    }
}
2024-10-06 19:54:11,636 - INFO - 192.168.227.4 - - [06/Oct/2024 19:54:11] "GET /heartbeat HTTP/1.1" 200 -
2024-10-06 19:54:12,031 - INFO - Replicated messages requested
2024-10-06 19:54:12,031 - INFO - Filtered messages: [{'id': 1, 'message': 'Test message after secondary_2 starts', 'timestamp': '2024-10-06T19:53:57.782080'}]
2024-10-06 19:54:12,031 - INFO - 192.168.227.1 - - [06/Oct/2024 19:54:12] "GET /messages HTTP/1.1" 200 -
2024-10-06 19:54:21,662 - INFO - {
    "event": "Heartbeat received from master",
    "timestamp": "2024-10-06T19:54:21.662301",
    "details": {
        "status": "Healthy"
    }
}
2024-10-06 19:54:21,662 - INFO - 192.168.227.4 - - [06/Oct/2024 19:54:21] "GET /heartbeat HTTP/1.1" 200 -
2024-10-06 19:54:31,688 - INFO - {
    "event": "Heartbeat received from master",
    "timestamp": "2024-10-06T19:54:31.688335",
    "details": {
        "status": "Healthy"
    }
}
2024-10-06 19:54:31,688 - INFO - 192.168.227.4 - - [06/Oct/2024 19:54:31] "GET /heartbeat HTTP/1.1" 200 -
2024-10-06 19:54:41,710 - INFO - {
    "event": "Heartbeat received from master",
    "timestamp": "2024-10-06T19:54:41.710167",
    "details": {
        "status": "Healthy"
    }
}
2024-10-06 19:54:41,710 - INFO - 192.168.227.4 - - [06/Oct/2024 19:54:41] "GET /heartbeat HTTP/1.1" 200 -
2024-10-06 19:54:51,736 - INFO - {
    "event": "Heartbeat received from master",
    "timestamp": "2024-10-06T19:54:51.736489",
    "details": {
        "status": "Healthy"
    }
}
2024-10-06 19:54:51,736 - INFO - 192.168.227.4 - - [06/Oct/2024 19:54:51] "GET /heartbeat HTTP/1.1" 200 -
2024-10-06 19:55:01,757 - INFO - {
    "event": "Heartbeat received from master",
    "timestamp": "2024-10-06T19:55:01.757463",
    "details": {
        "status": "Healthy"
    }
}
2024-10-06 19:55:01,757 - INFO - 192.168.227.4 - - [06/Oct/2024 19:55:01] "GET /heartbeat HTTP/1.1" 200 -
2024-10-06 19:55:11,780 - INFO - {
    "event": "Heartbeat received from master",
    "timestamp": "2024-10-06T19:55:11.780032",
    "details": {
        "status": "Healthy"
    }
}
2024-10-06 19:55:11,780 - INFO - 192.168.227.4 - - [06/Oct/2024 19:55:11] "GET /heartbeat HTTP/1.1" 200 -
2024-10-06 19:55:21,801 - INFO - {
    "event": "Heartbeat received from master",
    "timestamp": "2024-10-06T19:55:21.801103",
    "details": {
        "status": "Healthy"
    }
}
2024-10-06 19:55:21,801 - INFO - 192.168.227.4 - - [06/Oct/2024 19:55:21] "GET /heartbeat HTTP/1.1" 200 -
