2024-09-22 08:19:50,674 - INFO - [31m[1mWARNING: This is a development server. Do not use it in a production deployment. Use a production WSGI server instead.[0m
 * Running on all addresses (0.0.0.0)
 * Running on http://127.0.0.1:5002
 * Running on http://192.168.247.3:5002
2024-09-22 08:19:50,674 - INFO - [33mPress CTRL+C to quit[0m
2024-09-22 08:21:15,003 - INFO - Message replicated: {'message': 'Init message!', 'timestamp': '2024-09-22T08:21:12.989162'}
2024-09-22 08:21:15,004 - INFO - 192.168.247.4 - - [22/Sep/2024 08:21:15] "POST /replicate HTTP/1.1" 200 -
2024-09-22 08:21:21,387 - INFO - Message replicated: {'message': 'Second  message!', 'timestamp': '2024-09-22T08:21:19.375160'}
2024-09-22 08:21:21,387 - INFO - 192.168.247.4 - - [22/Sep/2024 08:21:21] "POST /replicate HTTP/1.1" 200 -
2024-09-22 08:21:59,258 - INFO - Replicated messages requested
2024-09-22 08:21:59,258 - INFO - {
    "messages": [
        {
            "message": "Init message!",
            "timestamp": "2024-09-22T08:21:12.989162"
        },
        {
            "message": "Second  message!",
            "timestamp": "2024-09-22T08:21:19.375160"
        }
    ]
}
2024-09-22 08:21:59,258 - INFO - 192.168.247.1 - - [22/Sep/2024 08:21:59] "GET /messages HTTP/1.1" 200 -
2024-09-22 08:22:09,002 - INFO - Message replicated: {'message': 'Message 3!', 'timestamp': '2024-09-22T08:22:06.988148'}
2024-09-22 08:22:09,002 - INFO - 192.168.247.4 - - [22/Sep/2024 08:22:09] "POST /replicate HTTP/1.1" 200 -
2024-09-22 08:22:32,448 - INFO - Message replicated: {'message': 'The last message!', 'timestamp': '2024-09-22T08:22:30.437027'}
2024-09-22 08:22:32,449 - INFO - 192.168.247.4 - - [22/Sep/2024 08:22:32] "POST /replicate HTTP/1.1" 200 -
2024-09-22 08:22:49,719 - INFO - Replicated messages requested
2024-09-22 08:22:49,719 - INFO - {
    "messages": [
        {
            "message": "Init message!",
            "timestamp": "2024-09-22T08:21:12.989162"
        },
        {
            "message": "Second  message!",
            "timestamp": "2024-09-22T08:21:19.375160"
        },
        {
            "message": "Message 3!",
            "timestamp": "2024-09-22T08:22:06.988148"
        },
        {
            "message": "The last message!",
            "timestamp": "2024-09-22T08:22:30.437027"
        }
    ]
}
2024-09-22 08:22:49,720 - INFO - 192.168.247.1 - - [22/Sep/2024 08:22:49] "GET /messages HTTP/1.1" 200 -
